{"name": "test_open_new_account", "status": "failed", "statusDetails": {"message": "AssertionError: assert False\n +  where False = verify_new_account_opening(type_of_account='SAVINGS')\n +    where verify_new_account_opening = <pages.Account_Services.AccountServices object at 0x7f06e1d200e0>.verify_new_account_opening", "trace": "self = <tests.test_parabank.Test_Para_Bank object at 0x7f06e1d05e20>\n\n    def test_open_new_account(self):\n        with allure.step(\"Open New Accounts (Checking and Savings) in the ParaBank application\"):\n            account_details = OpenNewAccount(self.driver)\n            account_overview_page = AccountOverview(self.driver)\n            account_services_page = AccountServices(self.driver)\n            for account_type in [\"CHECKING\", \"SAVINGS\"]:\n                account_services_page.navigate_to_the_account_services(\"Open New Account\")\n                account_details.open_account(type_of_account=account_type)\n>               assert account_services_page.verify_new_account_opening(type_of_account=account_type)\nE               AssertionError: assert False\nE                +  where False = verify_new_account_opening(type_of_account='SAVINGS')\nE                +    where verify_new_account_opening = <pages.Account_Services.AccountServices object at 0x7f06e1d200e0>.verify_new_account_opening\n\ntests/test_parabank.py:55: AssertionError"}, "steps": [{"name": "Open New Accounts (Checking and Savings) in the ParaBank application", "status": "failed", "statusDetails": {"message": "AssertionError: assert False\n +  where False = verify_new_account_opening(type_of_account='SAVINGS')\n +    where verify_new_account_opening = <pages.Account_Services.AccountServices object at 0x7f06e1d200e0>.verify_new_account_opening\n", "trace": "  File \"/home/runner/work/ParaBank/ParaBank/tests/test_parabank.py\", line 55, in test_open_new_account\n    assert account_services_page.verify_new_account_opening(type_of_account=account_type)\n"}, "steps": [{"name": "Clicked element: ('xpath', \"//a[contains(text(),'Open New Account')]\")", "status": "passed", "start": 1746772209829, "stop": 1746772209829}, {"name": "Open New Checking Account", "status": "passed", "steps": [{"name": "Selected option 'CHECKING' from dropdown ('xpath', \"//select[@id='type']\")", "status": "passed", "start": 1746772209882, "stop": 1746772209882}, {"name": "Selected option with index '0' from dropdown ('xpath', \"//select[@id='fromAccountId']\")", "status": "passed", "start": 1746772209919, "stop": 1746772209919}, {"name": "Clicked element: ('xpath', \"//input[@value='Open New Account']\")", "status": "passed", "start": 1746772210109, "stop": 1746772210109}], "attachments": [{"name": "New Account: Open New Account", "source": "508f73b5-3563-4f7f-a81f-d088285cc64c-attachment.png", "type": "image/png"}], "start": 1746772209829, "stop": 1746772210109}, {"name": " Verify new CHECKING account is opened Account Opened!\nCongratulations, your account is now open.\nYour new account number: 14565 ", "status": "passed", "attachments": [{"name": "Verify new account opening", "source": "edd421be-e061-4e0f-89d6-7e9ff5022efd-attachment.txt", "type": "text/plain"}], "start": 1746772213224, "stop": 1746772213224}, {"name": "Clicked element: ('xpath', \"//a[contains(text(),'Accounts Overview')]\")", "status": "passed", "start": 1746772213397, "stop": 1746772213397}, {"name": "Clicked element: ('xpath', \"//table[@id='accountTable']/descendant::a[text()='14565']\")", "status": "passed", "start": 1746772218712, "stop": 1746772218712}, {"name": "verify_the_account_details", "status": "passed", "attachments": [{"name": "Element: ('xpath', \"//h1[contains(text(),'Account Details')]\") is visible", "source": "a97dfe32-e045-4793-a8d3-b1973097c548-attachment.png", "type": "image/png"}], "start": 1746772218713, "stop": 1746772221867}, {"name": "Clicked element: ('xpath', \"//a[contains(text(),'Open New Account')]\")", "status": "passed", "start": 1746772222040, "stop": 1746772222040}, {"name": "Open New Savings Account", "status": "passed", "steps": [{"name": "Selected option 'SAVINGS' from dropdown ('xpath', \"//select[@id='type']\")", "status": "passed", "start": 1746772222101, "stop": 1746772222101}, {"name": "Error selecting option with index '0' from dropdown ('xpath', \"//select[@id='fromAccountId']\"): Message: Could not locate element with index 0; For documentation on this error, please visit: https://www.selenium.dev/documentation/webdriver/troubleshooting/errors#no-such-element-exception\n", "status": "passed", "start": 1746772237117, "stop": 1746772237117}, {"name": "Error clicking element ('xpath', \"//input[@value='Open New Account']\"): Message: \n", "status": "passed", "start": 1746772247413, "stop": 1746772247413}], "attachments": [{"name": "New Account: Open New Account", "source": "ad9a26e6-3b5c-4507-a583-c5982f98eb8d-attachment.png", "type": "image/png"}], "start": 1746772222040, "stop": 1746772247413}], "attachments": [{"name": "Element: ('xpath', \"//div[@id='openAccountResult']\") is visible", "source": "5b438ce6-d585-4756-80a2-47e8e25ba06a-attachment.png", "type": "image/png"}, {"name": "Element: ('xpath', \"//table[@id='accountTable']/descendant::a[text()='14565']\") is visible", "source": "41f6043d-4e3c-4a7c-8a89-72e2bafe4be6-attachment.png", "type": "image/png"}, {"name": "Element: ('xpath', \"//div[@id='openAccountResult']\") is visible", "source": "74f9604e-c76a-4b74-80c5-a95f10fb966b-attachment.png", "type": "image/png"}], "start": 1746772209660, "stop": 1746772250511}], "attachments": [{"name": "failed_test", "source": "4a502500-7bd7-4341-87cd-fa8616153a0d-attachment.png", "type": "image/png"}, {"name": "log", "source": "000b053f-46d9-497a-8b09-556875e279fb-attachment.txt", "type": "text/plain"}, {"name": "stderr", "source": "4dbcd95a-70f7-4fe3-90a8-63b7c907772c-attachment.txt", "type": "text/plain"}], "start": 1746772209660, "stop": 1746772250512, "uuid": "e5fc1b45-e325-4c13-a939-b44bb8c66afc", "historyId": "e38e408b619e816e849154c18ac59c12", "testCaseId": "e38e408b619e816e849154c18ac59c12", "fullName": "tests.test_parabank.Test_Para_Bank#test_open_new_account", "labels": [{"name": "tag", "value": "@pytest.mark.usefixtures('setup_and_teardown')"}, {"name": "parentSuite", "value": "tests"}, {"name": "suite", "value": "test_parabank"}, {"name": "subSuite", "value": "Test_Para_Bank"}, {"name": "host", "value": "fv-az2029-263"}, {"name": "thread", "value": "3435-MainThread"}, {"name": "framework", "value": "pytest"}, {"name": "language", "value": "cpython3"}, {"name": "package", "value": "tests.test_parabank"}]}